<?xml version="1.0" encoding="UTF-8"?>
<testsuite name="kr.co.gongguiljeong.web.IndexControllerTest" tests="1" skipped="0" failures="0" errors="0" timestamp="2022-03-19T15:12:00" hostname="DESKTOP-HOME-BG" time="0.129">
  <properties/>
  <testcase name="메인페이지_로딩()" classname="kr.co.gongguiljeong.web.IndexControllerTest" time="0.129"/>
  <system-out><![CDATA[2022-03-20 00:12:00.231  INFO 12492 --- [    Test worker] .b.t.c.SpringBootTestContextBootstrapper : Neither @ContextConfiguration nor @ContextHierarchy found for test class [kr.co.gongguiljeong.web.IndexControllerTest], using SpringBootContextLoader
2022-03-20 00:12:00.232  INFO 12492 --- [    Test worker] o.s.t.c.support.AbstractContextLoader    : Could not detect default resource locations for test class [kr.co.gongguiljeong.web.IndexControllerTest]: no resource found for suffixes {-context.xml, Context.groovy}.
2022-03-20 00:12:00.232  INFO 12492 --- [    Test worker] t.c.s.AnnotationConfigContextLoaderUtils : Could not detect default configuration classes for test class [kr.co.gongguiljeong.web.IndexControllerTest]: IndexControllerTest does not declare any static, non-private, non-final, nested classes annotated with @Configuration.
2022-03-20 00:12:00.233  INFO 12492 --- [    Test worker] .b.t.c.SpringBootTestContextBootstrapper : Found @SpringBootConfiguration kr.co.gongguiljeong.Application for test class kr.co.gongguiljeong.web.IndexControllerTest
2022-03-20 00:12:00.234  INFO 12492 --- [    Test worker] .b.t.c.SpringBootTestContextBootstrapper : Loaded default TestExecutionListener class names from location [META-INF/spring.factories]: [org.springframework.security.test.context.support.WithSecurityContextTestExecutionListener, org.springframework.security.test.context.support.ReactorContextTestExecutionListener, org.springframework.boot.test.autoconfigure.restdocs.RestDocsTestExecutionListener, org.springframework.boot.test.autoconfigure.web.client.MockRestServiceServerResetTestExecutionListener, org.springframework.boot.test.autoconfigure.web.servlet.MockMvcPrintOnlyOnFailureTestExecutionListener, org.springframework.boot.test.autoconfigure.web.servlet.WebDriverTestExecutionListener, org.springframework.boot.test.autoconfigure.webservices.client.MockWebServiceServerTestExecutionListener, org.springframework.boot.test.mock.mockito.MockitoTestExecutionListener, org.springframework.boot.test.mock.mockito.ResetMocksTestExecutionListener, org.springframework.test.context.web.ServletTestExecutionListener, org.springframework.test.context.support.DirtiesContextBeforeModesTestExecutionListener, org.springframework.test.context.event.ApplicationEventsTestExecutionListener, org.springframework.test.context.support.DependencyInjectionTestExecutionListener, org.springframework.test.context.support.DirtiesContextTestExecutionListener, org.springframework.test.context.transaction.TransactionalTestExecutionListener, org.springframework.test.context.jdbc.SqlScriptsTestExecutionListener, org.springframework.test.context.event.EventPublishingTestExecutionListener]
2022-03-20 00:12:00.235  INFO 12492 --- [    Test worker] .b.t.c.SpringBootTestContextBootstrapper : Using TestExecutionListeners: [org.springframework.test.context.web.ServletTestExecutionListener@12189efe, org.springframework.test.context.support.DirtiesContextBeforeModesTestExecutionListener@4aa7db83, org.springframework.test.context.event.ApplicationEventsTestExecutionListener@5e7f4a72, org.springframework.boot.test.mock.mockito.MockitoTestExecutionListener@52a70cf4, org.springframework.boot.test.autoconfigure.SpringBootDependencyInjectionTestExecutionListener@41e8730, org.springframework.test.context.support.DirtiesContextTestExecutionListener@70913ff3, org.springframework.test.context.transaction.TransactionalTestExecutionListener@5419d749, org.springframework.test.context.jdbc.SqlScriptsTestExecutionListener@3eb3b192, org.springframework.security.test.context.support.WithSecurityContextTestExecutionListener@4e649673, org.springframework.test.context.event.EventPublishingTestExecutionListener@377346eb, org.springframework.security.test.context.support.ReactorContextTestExecutionListener@2d4a6cd3, org.springframework.boot.test.autoconfigure.restdocs.RestDocsTestExecutionListener@ed677c9, org.springframework.boot.test.autoconfigure.web.client.MockRestServiceServerResetTestExecutionListener@64ebbf6e, org.springframework.boot.test.autoconfigure.web.servlet.MockMvcPrintOnlyOnFailureTestExecutionListener@4982e906, org.springframework.boot.test.autoconfigure.web.servlet.WebDriverTestExecutionListener@37d03811, org.springframework.boot.test.autoconfigure.webservices.client.MockWebServiceServerTestExecutionListener@a85691d, org.springframework.boot.test.mock.mockito.ResetMocksTestExecutionListener@33acb7ec]
2022-03-20 00:12:00.323  INFO 12492 --- [o-auto-1-exec-1] o.a.c.c.C.[Tomcat].[localhost].[/]       : Initializing Spring DispatcherServlet 'dispatcherServlet'
2022-03-20 00:12:00.323  INFO 12492 --- [o-auto-1-exec-1] o.s.web.servlet.DispatcherServlet        : Initializing Servlet 'dispatcherServlet'
2022-03-20 00:12:00.324  INFO 12492 --- [o-auto-1-exec-1] o.s.web.servlet.DispatcherServlet        : Completed initialization in 1 ms
Hibernate: select posts0_.id as id1_1_, posts0_.created_date as created_2_1_, posts0_.modified_date as modified3_1_, posts0_.author as author4_1_, posts0_.content as content5_1_, posts0_.title as title6_1_ from posts posts0_ order by posts0_.id DESC
]]></system-out>
  <system-err><![CDATA[]]></system-err>
</testsuite>
