<?xml version="1.0" encoding="UTF-8"?>
<testsuite name="kr.co.gongguiljeong.web.dto.HelloResponseDtoTest" tests="1" skipped="0" failures="0" errors="0" timestamp="2022-03-12T06:02:41" hostname="DESKTOP-HOME-BG" time="0.002">
  <properties/>
  <testcase name="롬복_기능_테스트()" classname="kr.co.gongguiljeong.web.dto.HelloResponseDtoTest" time="0.002"/>
  <system-out><![CDATA[]]></system-out>
  <system-err><![CDATA[]]></system-err>
</testsuite>
