<?xml version="1.0" encoding="UTF-8"?>
<testsuite name="kr.co.gongguiljeong.web.HelloControllerTest" tests="2" skipped="0" failures="0" errors="0" timestamp="2022-03-12T06:02:42" hostname="DESKTOP-HOME-BG" time="0.131">
  <properties/>
  <testcase name="hello가_리턴된다()" classname="kr.co.gongguiljeong.web.HelloControllerTest" time="0.034"/>
  <testcase name="helloDto가_리턴된다()" classname="kr.co.gongguiljeong.web.HelloControllerTest" time="0.096"/>
  <system-out><![CDATA[2022-03-12 15:02:41.396  INFO 9380 --- [    Test worker] .b.t.a.w.s.WebMvcTestContextBootstrapper : Neither @ContextConfiguration nor @ContextHierarchy found for test class [kr.co.gongguiljeong.web.HelloControllerTest], using SpringBootContextLoader
2022-03-12 15:02:41.397  INFO 9380 --- [    Test worker] o.s.t.c.support.AbstractContextLoader    : Could not detect default resource locations for test class [kr.co.gongguiljeong.web.HelloControllerTest]: no resource found for suffixes {-context.xml, Context.groovy}.
2022-03-12 15:02:41.397  INFO 9380 --- [    Test worker] t.c.s.AnnotationConfigContextLoaderUtils : Could not detect default configuration classes for test class [kr.co.gongguiljeong.web.HelloControllerTest]: HelloControllerTest does not declare any static, non-private, non-final, nested classes annotated with @Configuration.
2022-03-12 15:02:41.411  INFO 9380 --- [    Test worker] .b.t.c.SpringBootTestContextBootstrapper : Found @SpringBootConfiguration kr.co.gongguiljeong.Application for test class kr.co.gongguiljeong.web.HelloControllerTest
2022-03-12 15:02:41.411  INFO 9380 --- [    Test worker] .b.t.a.w.s.WebMvcTestContextBootstrapper : Loaded default TestExecutionListener class names from location [META-INF/spring.factories]: [org.springframework.security.test.context.support.WithSecurityContextTestExecutionListener, org.springframework.security.test.context.support.ReactorContextTestExecutionListener, org.springframework.boot.test.autoconfigure.restdocs.RestDocsTestExecutionListener, org.springframework.boot.test.autoconfigure.web.client.MockRestServiceServerResetTestExecutionListener, org.springframework.boot.test.autoconfigure.web.servlet.MockMvcPrintOnlyOnFailureTestExecutionListener, org.springframework.boot.test.autoconfigure.web.servlet.WebDriverTestExecutionListener, org.springframework.boot.test.autoconfigure.webservices.client.MockWebServiceServerTestExecutionListener, org.springframework.boot.test.mock.mockito.MockitoTestExecutionListener, org.springframework.boot.test.mock.mockito.ResetMocksTestExecutionListener, org.springframework.test.context.web.ServletTestExecutionListener, org.springframework.test.context.support.DirtiesContextBeforeModesTestExecutionListener, org.springframework.test.context.event.ApplicationEventsTestExecutionListener, org.springframework.test.context.support.DependencyInjectionTestExecutionListener, org.springframework.test.context.support.DirtiesContextTestExecutionListener, org.springframework.test.context.transaction.TransactionalTestExecutionListener, org.springframework.test.context.jdbc.SqlScriptsTestExecutionListener, org.springframework.test.context.event.EventPublishingTestExecutionListener]
2022-03-12 15:02:41.413  INFO 9380 --- [    Test worker] .b.t.a.w.s.WebMvcTestContextBootstrapper : Using TestExecutionListeners: [org.springframework.test.context.web.ServletTestExecutionListener@5fbe7fdd, org.springframework.test.context.support.DirtiesContextBeforeModesTestExecutionListener@3e64b652, org.springframework.test.context.event.ApplicationEventsTestExecutionListener@4ce105e0, org.springframework.boot.test.mock.mockito.MockitoTestExecutionListener@73c4e95c, org.springframework.boot.test.autoconfigure.SpringBootDependencyInjectionTestExecutionListener@5f28306e, org.springframework.test.context.support.DirtiesContextTestExecutionListener@4465dbff, org.springframework.test.context.transaction.TransactionalTestExecutionListener@ef1896, org.springframework.test.context.jdbc.SqlScriptsTestExecutionListener@54359fde, org.springframework.security.test.context.support.WithSecurityContextTestExecutionListener@4a007e76, org.springframework.test.context.event.EventPublishingTestExecutionListener@20d0feea, org.springframework.security.test.context.support.ReactorContextTestExecutionListener@588369ce, org.springframework.boot.test.autoconfigure.restdocs.RestDocsTestExecutionListener@20b0d66f, org.springframework.boot.test.autoconfigure.web.client.MockRestServiceServerResetTestExecutionListener@698aefc1, org.springframework.boot.test.autoconfigure.web.servlet.MockMvcPrintOnlyOnFailureTestExecutionListener@4e8a7bb4, org.springframework.boot.test.autoconfigure.web.servlet.WebDriverTestExecutionListener@d84b6b2, org.springframework.boot.test.autoconfigure.webservices.client.MockWebServiceServerTestExecutionListener@2b211ac3, org.springframework.boot.test.mock.mockito.ResetMocksTestExecutionListener@156b1c81]

  .   ____          _            __ _ _
 /\\ / ___'_ __ _ _(_)_ __  __ _ \ \ \ \
( ( )\___ | '_ | '_| | '_ \/ _` | \ \ \ \
 \\/  ___)| |_)| | | | | || (_| |  ) ) ) )
  '  |____| .__|_| |_|_| |_\__, | / / / /
 =========|_|==============|___/=/_/_/_/
 :: Spring Boot ::                (v2.6.4)

2022-03-12 15:02:41.439  INFO 9380 --- [    Test worker] k.c.g.web.HelloControllerTest            : Starting HelloControllerTest using Java 11.0.2 on DESKTOP-HOME-BG with PID 9380 (started by wnsdp in C:\Users\wnsdp\IdeaProjects\gongguiljeong)
2022-03-12 15:02:41.440  INFO 9380 --- [    Test worker] k.c.g.web.HelloControllerTest            : No active profile set, falling back to 1 default profile: "default"
2022-03-12 15:02:41.804  INFO 9380 --- [    Test worker] o.s.b.a.w.s.WelcomePageHandlerMapping    : Adding welcome page template: index
2022-03-12 15:02:42.072  INFO 9380 --- [    Test worker] o.s.s.web.DefaultSecurityFilterChain     : Will not secure any request
2022-03-12 15:02:42.131  INFO 9380 --- [    Test worker] o.s.b.t.m.w.SpringBootMockServletContext : Initializing Spring TestDispatcherServlet ''
2022-03-12 15:02:42.131  INFO 9380 --- [    Test worker] o.s.t.web.servlet.TestDispatcherServlet  : Initializing Servlet ''
2022-03-12 15:02:42.132  INFO 9380 --- [    Test worker] o.s.t.web.servlet.TestDispatcherServlet  : Completed initialization in 1 ms
2022-03-12 15:02:42.143  INFO 9380 --- [    Test worker] k.c.g.web.HelloControllerTest            : Started HelloControllerTest in 0.727 seconds (JVM running for 9.171)
]]></system-out>
  <system-err><![CDATA[]]></system-err>
</testsuite>
