<?xml version="1.0" encoding="UTF-8"?>
<testsuite name="kr.co.gongguiljeong.web.ProfileControllerTest" tests="1" skipped="0" failures="0" errors="0" timestamp="2022-03-13T08:13:55" hostname="DESKTOP-HOME-BG" time="0.015">
  <properties/>
  <testcase name="profile은_인증없이_호출된다()" classname="kr.co.gongguiljeong.web.ProfileControllerTest" time="0.015"/>
  <system-out><![CDATA[2022-03-13 17:13:55.704  INFO 7140 --- [    Test worker] .b.t.c.SpringBootTestContextBootstrapper : Neither @ContextConfiguration nor @ContextHierarchy found for test class [kr.co.gongguiljeong.web.ProfileControllerTest], using SpringBootContextLoader
2022-03-13 17:13:55.705  INFO 7140 --- [    Test worker] o.s.t.c.support.AbstractContextLoader    : Could not detect default resource locations for test class [kr.co.gongguiljeong.web.ProfileControllerTest]: no resource found for suffixes {-context.xml, Context.groovy}.
2022-03-13 17:13:55.705  INFO 7140 --- [    Test worker] t.c.s.AnnotationConfigContextLoaderUtils : Could not detect default configuration classes for test class [kr.co.gongguiljeong.web.ProfileControllerTest]: ProfileControllerTest does not declare any static, non-private, non-final, nested classes annotated with @Configuration.
2022-03-13 17:13:55.706  INFO 7140 --- [    Test worker] .b.t.c.SpringBootTestContextBootstrapper : Found @SpringBootConfiguration kr.co.gongguiljeong.Application for test class kr.co.gongguiljeong.web.ProfileControllerTest
2022-03-13 17:13:55.707  INFO 7140 --- [    Test worker] .b.t.c.SpringBootTestContextBootstrapper : Loaded default TestExecutionListener class names from location [META-INF/spring.factories]: [org.springframework.security.test.context.support.WithSecurityContextTestExecutionListener, org.springframework.security.test.context.support.ReactorContextTestExecutionListener, org.springframework.boot.test.autoconfigure.restdocs.RestDocsTestExecutionListener, org.springframework.boot.test.autoconfigure.web.client.MockRestServiceServerResetTestExecutionListener, org.springframework.boot.test.autoconfigure.web.servlet.MockMvcPrintOnlyOnFailureTestExecutionListener, org.springframework.boot.test.autoconfigure.web.servlet.WebDriverTestExecutionListener, org.springframework.boot.test.autoconfigure.webservices.client.MockWebServiceServerTestExecutionListener, org.springframework.boot.test.mock.mockito.MockitoTestExecutionListener, org.springframework.boot.test.mock.mockito.ResetMocksTestExecutionListener, org.springframework.test.context.web.ServletTestExecutionListener, org.springframework.test.context.support.DirtiesContextBeforeModesTestExecutionListener, org.springframework.test.context.event.ApplicationEventsTestExecutionListener, org.springframework.test.context.support.DependencyInjectionTestExecutionListener, org.springframework.test.context.support.DirtiesContextTestExecutionListener, org.springframework.test.context.transaction.TransactionalTestExecutionListener, org.springframework.test.context.jdbc.SqlScriptsTestExecutionListener, org.springframework.test.context.event.EventPublishingTestExecutionListener]
2022-03-13 17:13:55.708  INFO 7140 --- [    Test worker] .b.t.c.SpringBootTestContextBootstrapper : Using TestExecutionListeners: [org.springframework.test.context.web.ServletTestExecutionListener@68a89b69, org.springframework.test.context.support.DirtiesContextBeforeModesTestExecutionListener@24d63b08, org.springframework.test.context.event.ApplicationEventsTestExecutionListener@57993689, org.springframework.boot.test.mock.mockito.MockitoTestExecutionListener@8440aeb, org.springframework.boot.test.autoconfigure.SpringBootDependencyInjectionTestExecutionListener@241bbb59, org.springframework.test.context.support.DirtiesContextTestExecutionListener@3100daa9, org.springframework.test.context.transaction.TransactionalTestExecutionListener@2fb39f7e, org.springframework.test.context.jdbc.SqlScriptsTestExecutionListener@708db31, org.springframework.security.test.context.support.WithSecurityContextTestExecutionListener@7eb079fa, org.springframework.test.context.event.EventPublishingTestExecutionListener@49d22117, org.springframework.security.test.context.support.ReactorContextTestExecutionListener@7a290f3c, org.springframework.boot.test.autoconfigure.restdocs.RestDocsTestExecutionListener@3b39921b, org.springframework.boot.test.autoconfigure.web.client.MockRestServiceServerResetTestExecutionListener@463b432f, org.springframework.boot.test.autoconfigure.web.servlet.MockMvcPrintOnlyOnFailureTestExecutionListener@1e390866, org.springframework.boot.test.autoconfigure.web.servlet.WebDriverTestExecutionListener@2cdba472, org.springframework.boot.test.autoconfigure.webservices.client.MockWebServiceServerTestExecutionListener@5b8542b8, org.springframework.boot.test.mock.mockito.ResetMocksTestExecutionListener@473b40dc]
]]></system-out>
  <system-err><![CDATA[]]></system-err>
</testsuite>
