<?xml version="1.0" encoding="UTF-8"?>
<testsuite name="kr.co.gongguiljeong.web.ProfileControllerTest" tests="1" skipped="0" failures="0" errors="0" timestamp="2022-03-12T06:02:42" hostname="DESKTOP-HOME-BG" time="0.013">
  <properties/>
  <testcase name="profile은_인증없이_호출된다()" classname="kr.co.gongguiljeong.web.ProfileControllerTest" time="0.013"/>
  <system-out><![CDATA[2022-03-12 15:02:42.386  INFO 9380 --- [    Test worker] .b.t.c.SpringBootTestContextBootstrapper : Neither @ContextConfiguration nor @ContextHierarchy found for test class [kr.co.gongguiljeong.web.ProfileControllerTest], using SpringBootContextLoader
2022-03-12 15:02:42.387  INFO 9380 --- [    Test worker] o.s.t.c.support.AbstractContextLoader    : Could not detect default resource locations for test class [kr.co.gongguiljeong.web.ProfileControllerTest]: no resource found for suffixes {-context.xml, Context.groovy}.
2022-03-12 15:02:42.387  INFO 9380 --- [    Test worker] t.c.s.AnnotationConfigContextLoaderUtils : Could not detect default configuration classes for test class [kr.co.gongguiljeong.web.ProfileControllerTest]: ProfileControllerTest does not declare any static, non-private, non-final, nested classes annotated with @Configuration.
2022-03-12 15:02:42.388  INFO 9380 --- [    Test worker] .b.t.c.SpringBootTestContextBootstrapper : Found @SpringBootConfiguration kr.co.gongguiljeong.Application for test class kr.co.gongguiljeong.web.ProfileControllerTest
2022-03-12 15:02:42.390  INFO 9380 --- [    Test worker] .b.t.c.SpringBootTestContextBootstrapper : Loaded default TestExecutionListener class names from location [META-INF/spring.factories]: [org.springframework.security.test.context.support.WithSecurityContextTestExecutionListener, org.springframework.security.test.context.support.ReactorContextTestExecutionListener, org.springframework.boot.test.autoconfigure.restdocs.RestDocsTestExecutionListener, org.springframework.boot.test.autoconfigure.web.client.MockRestServiceServerResetTestExecutionListener, org.springframework.boot.test.autoconfigure.web.servlet.MockMvcPrintOnlyOnFailureTestExecutionListener, org.springframework.boot.test.autoconfigure.web.servlet.WebDriverTestExecutionListener, org.springframework.boot.test.autoconfigure.webservices.client.MockWebServiceServerTestExecutionListener, org.springframework.boot.test.mock.mockito.MockitoTestExecutionListener, org.springframework.boot.test.mock.mockito.ResetMocksTestExecutionListener, org.springframework.test.context.web.ServletTestExecutionListener, org.springframework.test.context.support.DirtiesContextBeforeModesTestExecutionListener, org.springframework.test.context.event.ApplicationEventsTestExecutionListener, org.springframework.test.context.support.DependencyInjectionTestExecutionListener, org.springframework.test.context.support.DirtiesContextTestExecutionListener, org.springframework.test.context.transaction.TransactionalTestExecutionListener, org.springframework.test.context.jdbc.SqlScriptsTestExecutionListener, org.springframework.test.context.event.EventPublishingTestExecutionListener]
2022-03-12 15:02:42.391  INFO 9380 --- [    Test worker] .b.t.c.SpringBootTestContextBootstrapper : Using TestExecutionListeners: [org.springframework.test.context.web.ServletTestExecutionListener@249e54e8, org.springframework.test.context.support.DirtiesContextBeforeModesTestExecutionListener@700e7db1, org.springframework.test.context.event.ApplicationEventsTestExecutionListener@71ec5417, org.springframework.boot.test.mock.mockito.MockitoTestExecutionListener@744fee76, org.springframework.boot.test.autoconfigure.SpringBootDependencyInjectionTestExecutionListener@22a0cd03, org.springframework.test.context.support.DirtiesContextTestExecutionListener@21c0cf13, org.springframework.test.context.transaction.TransactionalTestExecutionListener@321f6bd0, org.springframework.test.context.jdbc.SqlScriptsTestExecutionListener@39281fbb, org.springframework.security.test.context.support.WithSecurityContextTestExecutionListener@1d441548, org.springframework.test.context.event.EventPublishingTestExecutionListener@3adbf9a4, org.springframework.security.test.context.support.ReactorContextTestExecutionListener@73d354c4, org.springframework.boot.test.autoconfigure.restdocs.RestDocsTestExecutionListener@aff48c2, org.springframework.boot.test.autoconfigure.web.client.MockRestServiceServerResetTestExecutionListener@372ce280, org.springframework.boot.test.autoconfigure.web.servlet.MockMvcPrintOnlyOnFailureTestExecutionListener@52df3b18, org.springframework.boot.test.autoconfigure.web.servlet.WebDriverTestExecutionListener@3b4330f3, org.springframework.boot.test.autoconfigure.webservices.client.MockWebServiceServerTestExecutionListener@4b8ac601, org.springframework.boot.test.mock.mockito.ResetMocksTestExecutionListener@1b620512]
]]></system-out>
  <system-err><![CDATA[]]></system-err>
</testsuite>
