<?xml version="1.0" encoding="UTF-8"?>
<testsuite name="kr.co.gongguiljeong.web.HelloControllerTest" tests="2" skipped="0" failures="0" errors="0" timestamp="2022-03-13T08:13:55" hostname="DESKTOP-HOME-BG" time="0.137">
  <properties/>
  <testcase name="hello가_리턴된다()" classname="kr.co.gongguiljeong.web.HelloControllerTest" time="0.035"/>
  <testcase name="helloDto가_리턴된다()" classname="kr.co.gongguiljeong.web.HelloControllerTest" time="0.101"/>
  <system-out><![CDATA[2022-03-13 17:13:54.786  INFO 7140 --- [    Test worker] .b.t.a.w.s.WebMvcTestContextBootstrapper : Neither @ContextConfiguration nor @ContextHierarchy found for test class [kr.co.gongguiljeong.web.HelloControllerTest], using SpringBootContextLoader
2022-03-13 17:13:54.788  INFO 7140 --- [    Test worker] o.s.t.c.support.AbstractContextLoader    : Could not detect default resource locations for test class [kr.co.gongguiljeong.web.HelloControllerTest]: no resource found for suffixes {-context.xml, Context.groovy}.
2022-03-13 17:13:54.788  INFO 7140 --- [    Test worker] t.c.s.AnnotationConfigContextLoaderUtils : Could not detect default configuration classes for test class [kr.co.gongguiljeong.web.HelloControllerTest]: HelloControllerTest does not declare any static, non-private, non-final, nested classes annotated with @Configuration.
2022-03-13 17:13:54.801  INFO 7140 --- [    Test worker] .b.t.c.SpringBootTestContextBootstrapper : Found @SpringBootConfiguration kr.co.gongguiljeong.Application for test class kr.co.gongguiljeong.web.HelloControllerTest
2022-03-13 17:13:54.802  INFO 7140 --- [    Test worker] .b.t.a.w.s.WebMvcTestContextBootstrapper : Loaded default TestExecutionListener class names from location [META-INF/spring.factories]: [org.springframework.security.test.context.support.WithSecurityContextTestExecutionListener, org.springframework.security.test.context.support.ReactorContextTestExecutionListener, org.springframework.boot.test.autoconfigure.restdocs.RestDocsTestExecutionListener, org.springframework.boot.test.autoconfigure.web.client.MockRestServiceServerResetTestExecutionListener, org.springframework.boot.test.autoconfigure.web.servlet.MockMvcPrintOnlyOnFailureTestExecutionListener, org.springframework.boot.test.autoconfigure.web.servlet.WebDriverTestExecutionListener, org.springframework.boot.test.autoconfigure.webservices.client.MockWebServiceServerTestExecutionListener, org.springframework.boot.test.mock.mockito.MockitoTestExecutionListener, org.springframework.boot.test.mock.mockito.ResetMocksTestExecutionListener, org.springframework.test.context.web.ServletTestExecutionListener, org.springframework.test.context.support.DirtiesContextBeforeModesTestExecutionListener, org.springframework.test.context.event.ApplicationEventsTestExecutionListener, org.springframework.test.context.support.DependencyInjectionTestExecutionListener, org.springframework.test.context.support.DirtiesContextTestExecutionListener, org.springframework.test.context.transaction.TransactionalTestExecutionListener, org.springframework.test.context.jdbc.SqlScriptsTestExecutionListener, org.springframework.test.context.event.EventPublishingTestExecutionListener]
2022-03-13 17:13:54.803  INFO 7140 --- [    Test worker] .b.t.a.w.s.WebMvcTestContextBootstrapper : Using TestExecutionListeners: [org.springframework.test.context.web.ServletTestExecutionListener@5f7c972d, org.springframework.test.context.support.DirtiesContextBeforeModesTestExecutionListener@7dad1d19, org.springframework.test.context.event.ApplicationEventsTestExecutionListener@5c7fbc2f, org.springframework.boot.test.mock.mockito.MockitoTestExecutionListener@d0d4cb8, org.springframework.boot.test.autoconfigure.SpringBootDependencyInjectionTestExecutionListener@367367cb, org.springframework.test.context.support.DirtiesContextTestExecutionListener@2323f1c9, org.springframework.test.context.transaction.TransactionalTestExecutionListener@29caf46, org.springframework.test.context.jdbc.SqlScriptsTestExecutionListener@65134b21, org.springframework.security.test.context.support.WithSecurityContextTestExecutionListener@48f32577, org.springframework.test.context.event.EventPublishingTestExecutionListener@74623819, org.springframework.security.test.context.support.ReactorContextTestExecutionListener@13634f4c, org.springframework.boot.test.autoconfigure.restdocs.RestDocsTestExecutionListener@6c565442, org.springframework.boot.test.autoconfigure.web.client.MockRestServiceServerResetTestExecutionListener@3d5f0c22, org.springframework.boot.test.autoconfigure.web.servlet.MockMvcPrintOnlyOnFailureTestExecutionListener@58985960, org.springframework.boot.test.autoconfigure.web.servlet.WebDriverTestExecutionListener@51086410, org.springframework.boot.test.autoconfigure.webservices.client.MockWebServiceServerTestExecutionListener@fa2ce37, org.springframework.boot.test.mock.mockito.ResetMocksTestExecutionListener@4a59fdfd]

  .   ____          _            __ _ _
 /\\ / ___'_ __ _ _(_)_ __  __ _ \ \ \ \
( ( )\___ | '_ | '_| | '_ \/ _` | \ \ \ \
 \\/  ___)| |_)| | | | | || (_| |  ) ) ) )
  '  |____| .__|_| |_|_| |_\__, | / / / /
 =========|_|==============|___/=/_/_/_/
 :: Spring Boot ::                (v2.6.4)

2022-03-13 17:13:54.826  INFO 7140 --- [    Test worker] k.c.g.web.HelloControllerTest            : Starting HelloControllerTest using Java 11.0.2 on DESKTOP-HOME-BG with PID 7140 (started by wnsdp in C:\Users\wnsdp\IdeaProjects\gongguiljeong)
2022-03-13 17:13:54.827  INFO 7140 --- [    Test worker] k.c.g.web.HelloControllerTest            : No active profile set, falling back to 1 default profile: "default"
2022-03-13 17:13:55.149  INFO 7140 --- [    Test worker] o.s.b.a.w.s.WelcomePageHandlerMapping    : Adding welcome page template: index
2022-03-13 17:13:55.389  INFO 7140 --- [    Test worker] o.s.s.web.DefaultSecurityFilterChain     : Will not secure any request
2022-03-13 17:13:55.452  INFO 7140 --- [    Test worker] o.s.b.t.m.w.SpringBootMockServletContext : Initializing Spring TestDispatcherServlet ''
2022-03-13 17:13:55.452  INFO 7140 --- [    Test worker] o.s.t.web.servlet.TestDispatcherServlet  : Initializing Servlet ''
2022-03-13 17:13:55.453  INFO 7140 --- [    Test worker] o.s.t.web.servlet.TestDispatcherServlet  : Completed initialization in 1 ms
2022-03-13 17:13:55.464  INFO 7140 --- [    Test worker] k.c.g.web.HelloControllerTest            : Started HelloControllerTest in 0.657 seconds (JVM running for 8.995)
]]></system-out>
  <system-err><![CDATA[]]></system-err>
</testsuite>
