<?xml version="1.0" encoding="UTF-8"?>
<testsuite name="kr.co.gongguiljeong.domain.category.CategoryRepositoryTest" tests="1" skipped="0" failures="0" errors="0" timestamp="2022-03-19T15:11:57" hostname="DESKTOP-HOME-BG" time="0.329">
  <properties/>
  <testcase name="카테고리저장_불러오기()" classname="kr.co.gongguiljeong.domain.category.CategoryRepositoryTest" time="0.329"/>
  <system-out><![CDATA[00:11:52.010 [Test worker] DEBUG org.springframework.test.context.BootstrapUtils - Instantiating CacheAwareContextLoaderDelegate from class [org.springframework.test.context.cache.DefaultCacheAwareContextLoaderDelegate]
00:11:52.021 [Test worker] DEBUG org.springframework.test.context.BootstrapUtils - Instantiating BootstrapContext using constructor [public org.springframework.test.context.support.DefaultBootstrapContext(java.lang.Class,org.springframework.test.context.CacheAwareContextLoaderDelegate)]
00:11:52.051 [Test worker] DEBUG org.springframework.test.context.BootstrapUtils - Instantiating TestContextBootstrapper for test class [kr.co.gongguiljeong.domain.category.CategoryRepositoryTest] from class [org.springframework.boot.test.context.SpringBootTestContextBootstrapper]
00:11:52.060 [Test worker] INFO org.springframework.boot.test.context.SpringBootTestContextBootstrapper - Neither @ContextConfiguration nor @ContextHierarchy found for test class [kr.co.gongguiljeong.domain.category.CategoryRepositoryTest], using SpringBootContextLoader
00:11:52.064 [Test worker] DEBUG org.springframework.test.context.support.AbstractContextLoader - Did not detect default resource location for test class [kr.co.gongguiljeong.domain.category.CategoryRepositoryTest]: class path resource [kr/co/gongguiljeong/domain/category/CategoryRepositoryTest-context.xml] does not exist
00:11:52.065 [Test worker] DEBUG org.springframework.test.context.support.AbstractContextLoader - Did not detect default resource location for test class [kr.co.gongguiljeong.domain.category.CategoryRepositoryTest]: class path resource [kr/co/gongguiljeong/domain/category/CategoryRepositoryTestContext.groovy] does not exist
00:11:52.065 [Test worker] INFO org.springframework.test.context.support.AbstractContextLoader - Could not detect default resource locations for test class [kr.co.gongguiljeong.domain.category.CategoryRepositoryTest]: no resource found for suffixes {-context.xml, Context.groovy}.
00:11:52.066 [Test worker] INFO org.springframework.test.context.support.AnnotationConfigContextLoaderUtils - Could not detect default configuration classes for test class [kr.co.gongguiljeong.domain.category.CategoryRepositoryTest]: CategoryRepositoryTest does not declare any static, non-private, non-final, nested classes annotated with @Configuration.
00:11:52.106 [Test worker] DEBUG org.springframework.test.context.support.ActiveProfilesUtils - Could not find an 'annotation declaring class' for annotation type [org.springframework.test.context.ActiveProfiles] and class [kr.co.gongguiljeong.domain.category.CategoryRepositoryTest]
00:11:52.162 [Test worker] DEBUG org.springframework.context.annotation.ClassPathScanningCandidateComponentProvider - Identified candidate component class: file [C:\Users\wnsdp\IdeaProjects\gongguiljeong\build\classes\java\main\kr\co\gongguiljeong\Application.class]
00:11:52.163 [Test worker] INFO org.springframework.boot.test.context.SpringBootTestContextBootstrapper - Found @SpringBootConfiguration kr.co.gongguiljeong.Application for test class kr.co.gongguiljeong.domain.category.CategoryRepositoryTest
00:11:52.260 [Test worker] DEBUG org.springframework.boot.test.context.SpringBootTestContextBootstrapper - @TestExecutionListeners is not present for class [kr.co.gongguiljeong.domain.category.CategoryRepositoryTest]: using defaults.
00:11:52.261 [Test worker] INFO org.springframework.boot.test.context.SpringBootTestContextBootstrapper - Loaded default TestExecutionListener class names from location [META-INF/spring.factories]: [org.springframework.security.test.context.support.WithSecurityContextTestExecutionListener, org.springframework.security.test.context.support.ReactorContextTestExecutionListener, org.springframework.boot.test.autoconfigure.restdocs.RestDocsTestExecutionListener, org.springframework.boot.test.autoconfigure.web.client.MockRestServiceServerResetTestExecutionListener, org.springframework.boot.test.autoconfigure.web.servlet.MockMvcPrintOnlyOnFailureTestExecutionListener, org.springframework.boot.test.autoconfigure.web.servlet.WebDriverTestExecutionListener, org.springframework.boot.test.autoconfigure.webservices.client.MockWebServiceServerTestExecutionListener, org.springframework.boot.test.mock.mockito.MockitoTestExecutionListener, org.springframework.boot.test.mock.mockito.ResetMocksTestExecutionListener, org.springframework.test.context.web.ServletTestExecutionListener, org.springframework.test.context.support.DirtiesContextBeforeModesTestExecutionListener, org.springframework.test.context.event.ApplicationEventsTestExecutionListener, org.springframework.test.context.support.DependencyInjectionTestExecutionListener, org.springframework.test.context.support.DirtiesContextTestExecutionListener, org.springframework.test.context.transaction.TransactionalTestExecutionListener, org.springframework.test.context.jdbc.SqlScriptsTestExecutionListener, org.springframework.test.context.event.EventPublishingTestExecutionListener]
00:11:52.277 [Test worker] INFO org.springframework.boot.test.context.SpringBootTestContextBootstrapper - Using TestExecutionListeners: [org.springframework.test.context.web.ServletTestExecutionListener@42dbfe4c, org.springframework.test.context.support.DirtiesContextBeforeModesTestExecutionListener@4f1857e, org.springframework.test.context.event.ApplicationEventsTestExecutionListener@34dcc7b3, org.springframework.boot.test.mock.mockito.MockitoTestExecutionListener@2d0c2945, org.springframework.boot.test.autoconfigure.SpringBootDependencyInjectionTestExecutionListener@30388b36, org.springframework.test.context.support.DirtiesContextTestExecutionListener@38ea323a, org.springframework.test.context.transaction.TransactionalTestExecutionListener@6a599bcb, org.springframework.test.context.jdbc.SqlScriptsTestExecutionListener@26d3c1c4, org.springframework.security.test.context.support.WithSecurityContextTestExecutionListener@52c69f13, org.springframework.test.context.event.EventPublishingTestExecutionListener@3b540c93, org.springframework.security.test.context.support.ReactorContextTestExecutionListener@1df55ff1, org.springframework.boot.test.autoconfigure.restdocs.RestDocsTestExecutionListener@2590706a, org.springframework.boot.test.autoconfigure.web.client.MockRestServiceServerResetTestExecutionListener@43c84dcc, org.springframework.boot.test.autoconfigure.web.servlet.MockMvcPrintOnlyOnFailureTestExecutionListener@58e3e1b2, org.springframework.boot.test.autoconfigure.web.servlet.WebDriverTestExecutionListener@6fde3788, org.springframework.boot.test.autoconfigure.webservices.client.MockWebServiceServerTestExecutionListener@496b0939, org.springframework.boot.test.mock.mockito.ResetMocksTestExecutionListener@48cc9bf5]
00:11:52.280 [Test worker] DEBUG org.springframework.test.context.support.AbstractDirtiesContextTestExecutionListener - Before test class: context [DefaultTestContext@347bb27c testClass = CategoryRepositoryTest, testInstance = [null], testMethod = [null], testException = [null], mergedContextConfiguration = [WebMergedContextConfiguration@6c6c1a testClass = CategoryRepositoryTest, locations = '{}', classes = '{class kr.co.gongguiljeong.Application}', contextInitializerClasses = '[]', activeProfiles = '{}', propertySourceLocations = '{}', propertySourceProperties = '{org.springframework.boot.test.context.SpringBootTestContextBootstrapper=true}', contextCustomizers = set[org.springframework.boot.test.autoconfigure.actuate.metrics.MetricsExportContextCustomizerFactory$DisableMetricExportContextCustomizer@39f068dd, org.springframework.boot.test.autoconfigure.properties.PropertyMappingContextCustomizer@0, org.springframework.boot.test.autoconfigure.web.servlet.WebDriverContextCustomizerFactory$Customizer@5456b3d5, org.springframework.boot.test.context.filter.ExcludeFilterContextCustomizer@390c0092, org.springframework.boot.test.json.DuplicateJsonObjectContextCustomizerFactory$DuplicateJsonObjectContextCustomizer@87c21a1, org.springframework.boot.test.mock.mockito.MockitoContextCustomizer@0, org.springframework.boot.test.web.client.TestRestTemplateContextCustomizer@d5bcf89, org.springframework.boot.test.context.SpringBootTestArgs@1, org.springframework.boot.test.context.SpringBootTestWebEnvironment@23cb556a], resourceBasePath = 'src/main/webapp', contextLoader = 'org.springframework.boot.test.context.SpringBootContextLoader', parent = [null]], attributes = map['org.springframework.test.context.web.ServletTestExecutionListener.activateListener' -> true]], class annotated with @DirtiesContext [false] with mode [null].

  .   ____          _            __ _ _
 /\\ / ___'_ __ _ _(_)_ __  __ _ \ \ \ \
( ( )\___ | '_ | '_| | '_ \/ _` | \ \ \ \
 \\/  ___)| |_)| | | | | || (_| |  ) ) ) )
  '  |____| .__|_| |_|_| |_\__, | / / / /
 =========|_|==============|___/=/_/_/_/
 :: Spring Boot ::                (v2.6.4)

2022-03-20 00:11:52.580  INFO 12492 --- [    Test worker] k.c.g.d.category.CategoryRepositoryTest  : Starting CategoryRepositoryTest using Java 11.0.2 on DESKTOP-HOME-BG with PID 12492 (started by wnsdp in C:\Users\wnsdp\IdeaProjects\gongguiljeong)
2022-03-20 00:11:52.582  INFO 12492 --- [    Test worker] k.c.g.d.category.CategoryRepositoryTest  : No active profile set, falling back to 1 default profile: "default"
2022-03-20 00:11:53.328  INFO 12492 --- [    Test worker] .s.d.r.c.RepositoryConfigurationDelegate : Bootstrapping Spring Data JPA repositories in DEFAULT mode.
2022-03-20 00:11:53.397  INFO 12492 --- [    Test worker] .s.d.r.c.RepositoryConfigurationDelegate : Finished Spring Data repository scanning in 58 ms. Found 3 JPA repository interfaces.
2022-03-20 00:11:53.871  INFO 12492 --- [    Test worker] com.zaxxer.hikari.HikariDataSource       : HikariPool-1 - Starting...
2022-03-20 00:11:54.043  INFO 12492 --- [    Test worker] com.zaxxer.hikari.HikariDataSource       : HikariPool-1 - Start completed.
2022-03-20 00:11:54.248  INFO 12492 --- [    Test worker] o.hibernate.jpa.internal.util.LogHelper  : HHH000204: Processing PersistenceUnitInfo [name: default]
2022-03-20 00:11:54.311  INFO 12492 --- [    Test worker] org.hibernate.Version                    : HHH000412: Hibernate ORM core version 5.6.5.Final
2022-03-20 00:11:54.512  INFO 12492 --- [    Test worker] o.hibernate.annotations.common.Version   : HCANN000001: Hibernate Commons Annotations {5.1.2.Final}
2022-03-20 00:11:54.651  INFO 12492 --- [    Test worker] org.hibernate.dialect.Dialect            : HHH000400: Using dialect: org.hibernate.dialect.MySQL57Dialect
Hibernate: drop table if exists category
Hibernate: drop table if exists posts
Hibernate: drop table if exists user
Hibernate: create table category (category_code bigint not null auto_increment, created_date datetime(6), modified_date datetime(6), category_color varchar(255), category_name_eng varchar(255), category_name_kr varchar(255), category_state varchar(255), primary key (category_code)) engine=InnoDB
Hibernate: create table posts (id bigint not null auto_increment, created_date datetime(6), modified_date datetime(6), author varchar(255), content TEXT not null, title varchar(500) not null, primary key (id)) engine=InnoDB
Hibernate: create table user (id bigint not null auto_increment, created_date datetime(6), modified_date datetime(6), email varchar(255) not null, name varchar(255) not null, picture varchar(255), role varchar(255) not null, primary key (id)) engine=InnoDB
2022-03-20 00:11:55.224  INFO 12492 --- [    Test worker] o.h.e.t.j.p.i.JtaPlatformInitiator       : HHH000490: Using JtaPlatform implementation: [org.hibernate.engine.transaction.jta.platform.internal.NoJtaPlatform]
2022-03-20 00:11:55.232  INFO 12492 --- [    Test worker] j.LocalContainerEntityManagerFactoryBean : Initialized JPA EntityManagerFactory for persistence unit 'default'
2022-03-20 00:11:55.711  WARN 12492 --- [    Test worker] JpaBaseConfiguration$JpaWebConfiguration : spring.jpa.open-in-view is enabled by default. Therefore, database queries may be performed during view rendering. Explicitly configure spring.jpa.open-in-view to disable this warning
2022-03-20 00:11:56.277  INFO 12492 --- [    Test worker] o.s.s.web.DefaultSecurityFilterChain     : Will not secure any request
2022-03-20 00:11:56.759  INFO 12492 --- [    Test worker] o.s.b.a.h2.H2ConsoleAutoConfiguration    : H2 console available at '/h2-console'. Database available at 'jdbc:h2:mem:testdb'
2022-03-20 00:11:56.823  INFO 12492 --- [    Test worker] o.s.b.a.w.s.WelcomePageHandlerMapping    : Adding welcome page template: index
2022-03-20 00:11:57.179  INFO 12492 --- [    Test worker] s.a.ScheduledAnnotationBeanPostProcessor : No TaskScheduler/ScheduledExecutorService bean found for scheduled processing
2022-03-20 00:11:57.188  INFO 12492 --- [    Test worker] k.c.g.d.category.CategoryRepositoryTest  : Started CategoryRepositoryTest in 4.877 seconds (JVM running for 6.061)
Hibernate: insert into category (created_date, modified_date, category_color, category_name_eng, category_name_kr, category_state) values (?, ?, ?, ?, ?, ?)
Hibernate: SELECT gc.category_code, gc.category_name_kr, gc.category_name_eng, gc.category_color, gc.category_state, gc.created_date, gc.modified_date FROM category gc ORDER BY gc.category_code
Hibernate: select category0_.category_code as category1_0_, category0_.created_date as created_2_0_, category0_.modified_date as modified3_0_, category0_.category_color as category4_0_, category0_.category_name_eng as category5_0_, category0_.category_name_kr as category6_0_, category0_.category_state as category7_0_ from category category0_
Hibernate: delete from category where category_code=?
]]></system-out>
  <system-err><![CDATA[]]></system-err>
</testsuite>
