<?xml version="1.0" encoding="UTF-8"?>
<testsuite name="kr.co.gongguiljeong.web.ProfileControllerTest" tests="1" skipped="0" failures="0" errors="0" timestamp="2022-03-19T15:12:00" hostname="DESKTOP-HOME-BG" time="0.013">
  <properties/>
  <testcase name="profile은_인증없이_호출된다()" classname="kr.co.gongguiljeong.web.ProfileControllerTest" time="0.013"/>
  <system-out><![CDATA[2022-03-20 00:12:00.454  INFO 12492 --- [    Test worker] .b.t.c.SpringBootTestContextBootstrapper : Neither @ContextConfiguration nor @ContextHierarchy found for test class [kr.co.gongguiljeong.web.ProfileControllerTest], using SpringBootContextLoader
2022-03-20 00:12:00.455  INFO 12492 --- [    Test worker] o.s.t.c.support.AbstractContextLoader    : Could not detect default resource locations for test class [kr.co.gongguiljeong.web.ProfileControllerTest]: no resource found for suffixes {-context.xml, Context.groovy}.
2022-03-20 00:12:00.455  INFO 12492 --- [    Test worker] t.c.s.AnnotationConfigContextLoaderUtils : Could not detect default configuration classes for test class [kr.co.gongguiljeong.web.ProfileControllerTest]: ProfileControllerTest does not declare any static, non-private, non-final, nested classes annotated with @Configuration.
2022-03-20 00:12:00.456  INFO 12492 --- [    Test worker] .b.t.c.SpringBootTestContextBootstrapper : Found @SpringBootConfiguration kr.co.gongguiljeong.Application for test class kr.co.gongguiljeong.web.ProfileControllerTest
2022-03-20 00:12:00.457  INFO 12492 --- [    Test worker] .b.t.c.SpringBootTestContextBootstrapper : Loaded default TestExecutionListener class names from location [META-INF/spring.factories]: [org.springframework.security.test.context.support.WithSecurityContextTestExecutionListener, org.springframework.security.test.context.support.ReactorContextTestExecutionListener, org.springframework.boot.test.autoconfigure.restdocs.RestDocsTestExecutionListener, org.springframework.boot.test.autoconfigure.web.client.MockRestServiceServerResetTestExecutionListener, org.springframework.boot.test.autoconfigure.web.servlet.MockMvcPrintOnlyOnFailureTestExecutionListener, org.springframework.boot.test.autoconfigure.web.servlet.WebDriverTestExecutionListener, org.springframework.boot.test.autoconfigure.webservices.client.MockWebServiceServerTestExecutionListener, org.springframework.boot.test.mock.mockito.MockitoTestExecutionListener, org.springframework.boot.test.mock.mockito.ResetMocksTestExecutionListener, org.springframework.test.context.web.ServletTestExecutionListener, org.springframework.test.context.support.DirtiesContextBeforeModesTestExecutionListener, org.springframework.test.context.event.ApplicationEventsTestExecutionListener, org.springframework.test.context.support.DependencyInjectionTestExecutionListener, org.springframework.test.context.support.DirtiesContextTestExecutionListener, org.springframework.test.context.transaction.TransactionalTestExecutionListener, org.springframework.test.context.jdbc.SqlScriptsTestExecutionListener, org.springframework.test.context.event.EventPublishingTestExecutionListener]
2022-03-20 00:12:00.458  INFO 12492 --- [    Test worker] .b.t.c.SpringBootTestContextBootstrapper : Using TestExecutionListeners: [org.springframework.test.context.web.ServletTestExecutionListener@48b44aab, org.springframework.test.context.support.DirtiesContextBeforeModesTestExecutionListener@21cdb218, org.springframework.test.context.event.ApplicationEventsTestExecutionListener@20eb1ee6, org.springframework.boot.test.mock.mockito.MockitoTestExecutionListener@6b1d8324, org.springframework.boot.test.autoconfigure.SpringBootDependencyInjectionTestExecutionListener@1967dfe, org.springframework.test.context.support.DirtiesContextTestExecutionListener@4d8752a6, org.springframework.test.context.transaction.TransactionalTestExecutionListener@35e369de, org.springframework.test.context.jdbc.SqlScriptsTestExecutionListener@3260c8e5, org.springframework.security.test.context.support.WithSecurityContextTestExecutionListener@ab2ada, org.springframework.test.context.event.EventPublishingTestExecutionListener@77ce5a0b, org.springframework.security.test.context.support.ReactorContextTestExecutionListener@594d60b5, org.springframework.boot.test.autoconfigure.restdocs.RestDocsTestExecutionListener@6ddeac99, org.springframework.boot.test.autoconfigure.web.client.MockRestServiceServerResetTestExecutionListener@347ab602, org.springframework.boot.test.autoconfigure.web.servlet.MockMvcPrintOnlyOnFailureTestExecutionListener@3161bc84, org.springframework.boot.test.autoconfigure.web.servlet.WebDriverTestExecutionListener@31b2ad5, org.springframework.boot.test.autoconfigure.webservices.client.MockWebServiceServerTestExecutionListener@1bb9e44b, org.springframework.boot.test.mock.mockito.ResetMocksTestExecutionListener@7a129b98]
]]></system-out>
  <system-err><![CDATA[]]></system-err>
</testsuite>
