<?xml version="1.0" encoding="UTF-8"?>
<testsuite name="kr.co.gongguiljeong.web.HelloControllerTest" tests="2" skipped="0" failures="0" errors="0" timestamp="2022-03-19T15:12:00" hostname="DESKTOP-HOME-BG" time="0.115">
  <properties/>
  <testcase name="hello가_리턴된다()" classname="kr.co.gongguiljeong.web.HelloControllerTest" time="0.024"/>
  <testcase name="helloDto가_리턴된다()" classname="kr.co.gongguiljeong.web.HelloControllerTest" time="0.09"/>
  <system-out><![CDATA[2022-03-20 00:11:59.414  INFO 12492 --- [    Test worker] .b.t.a.w.s.WebMvcTestContextBootstrapper : Neither @ContextConfiguration nor @ContextHierarchy found for test class [kr.co.gongguiljeong.web.HelloControllerTest], using SpringBootContextLoader
2022-03-20 00:11:59.415  INFO 12492 --- [    Test worker] o.s.t.c.support.AbstractContextLoader    : Could not detect default resource locations for test class [kr.co.gongguiljeong.web.HelloControllerTest]: no resource found for suffixes {-context.xml, Context.groovy}.
2022-03-20 00:11:59.415  INFO 12492 --- [    Test worker] t.c.s.AnnotationConfigContextLoaderUtils : Could not detect default configuration classes for test class [kr.co.gongguiljeong.web.HelloControllerTest]: HelloControllerTest does not declare any static, non-private, non-final, nested classes annotated with @Configuration.
2022-03-20 00:11:59.426  INFO 12492 --- [    Test worker] .b.t.c.SpringBootTestContextBootstrapper : Found @SpringBootConfiguration kr.co.gongguiljeong.Application for test class kr.co.gongguiljeong.web.HelloControllerTest
2022-03-20 00:11:59.427  INFO 12492 --- [    Test worker] .b.t.a.w.s.WebMvcTestContextBootstrapper : Loaded default TestExecutionListener class names from location [META-INF/spring.factories]: [org.springframework.security.test.context.support.WithSecurityContextTestExecutionListener, org.springframework.security.test.context.support.ReactorContextTestExecutionListener, org.springframework.boot.test.autoconfigure.restdocs.RestDocsTestExecutionListener, org.springframework.boot.test.autoconfigure.web.client.MockRestServiceServerResetTestExecutionListener, org.springframework.boot.test.autoconfigure.web.servlet.MockMvcPrintOnlyOnFailureTestExecutionListener, org.springframework.boot.test.autoconfigure.web.servlet.WebDriverTestExecutionListener, org.springframework.boot.test.autoconfigure.webservices.client.MockWebServiceServerTestExecutionListener, org.springframework.boot.test.mock.mockito.MockitoTestExecutionListener, org.springframework.boot.test.mock.mockito.ResetMocksTestExecutionListener, org.springframework.test.context.web.ServletTestExecutionListener, org.springframework.test.context.support.DirtiesContextBeforeModesTestExecutionListener, org.springframework.test.context.event.ApplicationEventsTestExecutionListener, org.springframework.test.context.support.DependencyInjectionTestExecutionListener, org.springframework.test.context.support.DirtiesContextTestExecutionListener, org.springframework.test.context.transaction.TransactionalTestExecutionListener, org.springframework.test.context.jdbc.SqlScriptsTestExecutionListener, org.springframework.test.context.event.EventPublishingTestExecutionListener]
2022-03-20 00:11:59.428  INFO 12492 --- [    Test worker] .b.t.a.w.s.WebMvcTestContextBootstrapper : Using TestExecutionListeners: [org.springframework.test.context.web.ServletTestExecutionListener@38a8589, org.springframework.test.context.support.DirtiesContextBeforeModesTestExecutionListener@464cb30f, org.springframework.test.context.event.ApplicationEventsTestExecutionListener@21938a7f, org.springframework.boot.test.mock.mockito.MockitoTestExecutionListener@55cd50a, org.springframework.boot.test.autoconfigure.SpringBootDependencyInjectionTestExecutionListener@52adbee5, org.springframework.test.context.support.DirtiesContextTestExecutionListener@71daab74, org.springframework.test.context.transaction.TransactionalTestExecutionListener@4c270742, org.springframework.test.context.jdbc.SqlScriptsTestExecutionListener@2f306f49, org.springframework.security.test.context.support.WithSecurityContextTestExecutionListener@1055a6dc, org.springframework.test.context.event.EventPublishingTestExecutionListener@34f02ea9, org.springframework.security.test.context.support.ReactorContextTestExecutionListener@40192262, org.springframework.boot.test.autoconfigure.restdocs.RestDocsTestExecutionListener@6cff570f, org.springframework.boot.test.autoconfigure.web.client.MockRestServiceServerResetTestExecutionListener@51217f0a, org.springframework.boot.test.autoconfigure.web.servlet.MockMvcPrintOnlyOnFailureTestExecutionListener@641186e1, org.springframework.boot.test.autoconfigure.web.servlet.WebDriverTestExecutionListener@6d12b233, org.springframework.boot.test.autoconfigure.webservices.client.MockWebServiceServerTestExecutionListener@7bc3d7b1, org.springframework.boot.test.mock.mockito.ResetMocksTestExecutionListener@21c03eec]

  .   ____          _            __ _ _
 /\\ / ___'_ __ _ _(_)_ __  __ _ \ \ \ \
( ( )\___ | '_ | '_| | '_ \/ _` | \ \ \ \
 \\/  ___)| |_)| | | | | || (_| |  ) ) ) )
  '  |____| .__|_| |_|_| |_\__, | / / / /
 =========|_|==============|___/=/_/_/_/
 :: Spring Boot ::                (v2.6.4)

2022-03-20 00:11:59.449  INFO 12492 --- [    Test worker] k.c.g.web.HelloControllerTest            : Starting HelloControllerTest using Java 11.0.2 on DESKTOP-HOME-BG with PID 12492 (started by wnsdp in C:\Users\wnsdp\IdeaProjects\gongguiljeong)
2022-03-20 00:11:59.449  INFO 12492 --- [    Test worker] k.c.g.web.HelloControllerTest            : No active profile set, falling back to 1 default profile: "default"
2022-03-20 00:11:59.774  INFO 12492 --- [    Test worker] o.s.b.a.w.s.WelcomePageHandlerMapping    : Adding welcome page template: index
2022-03-20 00:12:00.041  INFO 12492 --- [    Test worker] o.s.s.web.DefaultSecurityFilterChain     : Will not secure any request
2022-03-20 00:12:00.099  INFO 12492 --- [    Test worker] o.s.b.t.m.w.SpringBootMockServletContext : Initializing Spring TestDispatcherServlet ''
2022-03-20 00:12:00.099  INFO 12492 --- [    Test worker] o.s.t.web.servlet.TestDispatcherServlet  : Initializing Servlet ''
2022-03-20 00:12:00.099  INFO 12492 --- [    Test worker] o.s.t.web.servlet.TestDispatcherServlet  : Completed initialization in 0 ms
2022-03-20 00:12:00.111  INFO 12492 --- [    Test worker] k.c.g.web.HelloControllerTest            : Started HelloControllerTest in 0.681 seconds (JVM running for 8.984)
]]></system-out>
  <system-err><![CDATA[]]></system-err>
</testsuite>
