<?xml version="1.0" encoding="UTF-8"?>
<testsuite name="kr.co.gongguiljeong.domain.posts.PostsRepositoryTest" tests="2" skipped="0" failures="0" errors="0" timestamp="2022-03-19T15:11:57" hostname="DESKTOP-HOME-BG" time="0.038">
  <properties/>
  <testcase name="게시글저장_불러오기()" classname="kr.co.gongguiljeong.domain.posts.PostsRepositoryTest" time="0.021"/>
  <testcase name="BaseTimeEntity_등록()" classname="kr.co.gongguiljeong.domain.posts.PostsRepositoryTest" time="0.016"/>
  <system-out><![CDATA[2022-03-20 00:11:57.539  INFO 12492 --- [    Test worker] .b.t.c.SpringBootTestContextBootstrapper : Neither @ContextConfiguration nor @ContextHierarchy found for test class [kr.co.gongguiljeong.domain.posts.PostsRepositoryTest], using SpringBootContextLoader
2022-03-20 00:11:57.540  INFO 12492 --- [    Test worker] o.s.t.c.support.AbstractContextLoader    : Could not detect default resource locations for test class [kr.co.gongguiljeong.domain.posts.PostsRepositoryTest]: no resource found for suffixes {-context.xml, Context.groovy}.
2022-03-20 00:11:57.540  INFO 12492 --- [    Test worker] t.c.s.AnnotationConfigContextLoaderUtils : Could not detect default configuration classes for test class [kr.co.gongguiljeong.domain.posts.PostsRepositoryTest]: PostsRepositoryTest does not declare any static, non-private, non-final, nested classes annotated with @Configuration.
2022-03-20 00:11:57.548  INFO 12492 --- [    Test worker] .b.t.c.SpringBootTestContextBootstrapper : Found @SpringBootConfiguration kr.co.gongguiljeong.Application for test class kr.co.gongguiljeong.domain.posts.PostsRepositoryTest
2022-03-20 00:11:57.551  INFO 12492 --- [    Test worker] .b.t.c.SpringBootTestContextBootstrapper : Loaded default TestExecutionListener class names from location [META-INF/spring.factories]: [org.springframework.security.test.context.support.WithSecurityContextTestExecutionListener, org.springframework.security.test.context.support.ReactorContextTestExecutionListener, org.springframework.boot.test.autoconfigure.restdocs.RestDocsTestExecutionListener, org.springframework.boot.test.autoconfigure.web.client.MockRestServiceServerResetTestExecutionListener, org.springframework.boot.test.autoconfigure.web.servlet.MockMvcPrintOnlyOnFailureTestExecutionListener, org.springframework.boot.test.autoconfigure.web.servlet.WebDriverTestExecutionListener, org.springframework.boot.test.autoconfigure.webservices.client.MockWebServiceServerTestExecutionListener, org.springframework.boot.test.mock.mockito.MockitoTestExecutionListener, org.springframework.boot.test.mock.mockito.ResetMocksTestExecutionListener, org.springframework.test.context.web.ServletTestExecutionListener, org.springframework.test.context.support.DirtiesContextBeforeModesTestExecutionListener, org.springframework.test.context.event.ApplicationEventsTestExecutionListener, org.springframework.test.context.support.DependencyInjectionTestExecutionListener, org.springframework.test.context.support.DirtiesContextTestExecutionListener, org.springframework.test.context.transaction.TransactionalTestExecutionListener, org.springframework.test.context.jdbc.SqlScriptsTestExecutionListener, org.springframework.test.context.event.EventPublishingTestExecutionListener]
2022-03-20 00:11:57.552  INFO 12492 --- [    Test worker] .b.t.c.SpringBootTestContextBootstrapper : Using TestExecutionListeners: [org.springframework.test.context.web.ServletTestExecutionListener@694097ec, org.springframework.test.context.support.DirtiesContextBeforeModesTestExecutionListener@612448a8, org.springframework.test.context.event.ApplicationEventsTestExecutionListener@4fd746d4, org.springframework.boot.test.mock.mockito.MockitoTestExecutionListener@5b2fcdaf, org.springframework.boot.test.autoconfigure.SpringBootDependencyInjectionTestExecutionListener@36bdced1, org.springframework.test.context.support.DirtiesContextTestExecutionListener@759fa1a6, org.springframework.test.context.transaction.TransactionalTestExecutionListener@ba827, org.springframework.test.context.jdbc.SqlScriptsTestExecutionListener@256c5f3c, org.springframework.security.test.context.support.WithSecurityContextTestExecutionListener@7d7fd606, org.springframework.test.context.event.EventPublishingTestExecutionListener@7565ca9e, org.springframework.security.test.context.support.ReactorContextTestExecutionListener@28721e85, org.springframework.boot.test.autoconfigure.restdocs.RestDocsTestExecutionListener@6fa03108, org.springframework.boot.test.autoconfigure.web.client.MockRestServiceServerResetTestExecutionListener@6c6c151c, org.springframework.boot.test.autoconfigure.web.servlet.MockMvcPrintOnlyOnFailureTestExecutionListener@37061335, org.springframework.boot.test.autoconfigure.web.servlet.WebDriverTestExecutionListener@f38a566, org.springframework.boot.test.autoconfigure.webservices.client.MockWebServiceServerTestExecutionListener@617eedf8, org.springframework.boot.test.mock.mockito.ResetMocksTestExecutionListener@6db6c03e]
Hibernate: insert into posts (created_date, modified_date, author, content, title) values (?, ?, ?, ?, ?)
Hibernate: select posts0_.id as id1_1_, posts0_.created_date as created_2_1_, posts0_.modified_date as modified3_1_, posts0_.author as author4_1_, posts0_.content as content5_1_, posts0_.title as title6_1_ from posts posts0_
Hibernate: select posts0_.id as id1_1_, posts0_.created_date as created_2_1_, posts0_.modified_date as modified3_1_, posts0_.author as author4_1_, posts0_.content as content5_1_, posts0_.title as title6_1_ from posts posts0_
Hibernate: delete from posts where id=?
Hibernate: insert into posts (created_date, modified_date, author, content, title) values (?, ?, ?, ?, ?)
Hibernate: select posts0_.id as id1_1_, posts0_.created_date as created_2_1_, posts0_.modified_date as modified3_1_, posts0_.author as author4_1_, posts0_.content as content5_1_, posts0_.title as title6_1_ from posts posts0_
>>>>>>>>>> createDate=2022-03-20T00:11:57.578431, modifiedDate=2022-03-20T00:11:57.578431
Hibernate: select posts0_.id as id1_1_, posts0_.created_date as created_2_1_, posts0_.modified_date as modified3_1_, posts0_.author as author4_1_, posts0_.content as content5_1_, posts0_.title as title6_1_ from posts posts0_
Hibernate: delete from posts where id=?
]]></system-out>
  <system-err><![CDATA[]]></system-err>
</testsuite>
